16:58:10 **** Rebuild of configuration Debug for project binary_search ****
Info: Internal Builder is used for build
gcc -O0 -g3 -Wall -c -fmessage-length=0 -o "src\\binary_search.o" "..\\src\\binary_search.c" 
..\src\binary_search.c: In function 'main':
..\src\binary_search.c:27:6: warning: unused variable 'x' [-Wunused-variable]
   27 |  int x = 6;
      |      ^
gcc -o binary_search.exe "src\\binary_search.o" 
16:58:31 **** Incremental Build of configuration Debug for project binary_search ****
Info: Internal Builder is used for build
gcc -O0 -g3 -Wall -c -fmessage-length=0 -o "src\\binary_search.o" "..\\src\\binary_search.c" 
..\src\binary_search.c: In function 'main':
..\src\binary_search.c:25:6: warning: unused variable 'x' [-Wunused-variable]
   25 |  int x = 6;
      |      ^
gcc -o binary_search.exe "src\\binary_search.o" 
16:58:44 **** Incremental Build of configuration Debug for project binary_search ****
Info: Internal Builder is used for build
gcc -O0 -g3 -Wall -c -fmessage-length=0 -o "src\\binary_search.o" "..\\src\\binary_search.c" 
gcc -o binary_search.exe "src\\binary_search.o" 
Info: Nothing to build for binary_search
16:59:15 **** Incremental Build of configuration Debug for project binary_search ****
Info: Internal Builder is used for build
gcc -O0 -g3 -Wall -c -fmessage-length=0 -o "src\\binary_search.o" "..\\src\\binary_search.c" 
gcc -o binary_search.exe "src\\binary_search.o" 
Info: Nothing to build for binary_search
